# JRE version: OpenJDK Runtime Environment (11.0.8+10) (build 11.0.8+10-b944.6842174)
# Java VM: OpenJDK 64-Bit Server VM (11.0.8+10-b944.6842174, mixed mode, tiered, compressed oops, g1 gc, windows-amd64)
Heap:
 garbage-first heap   total 375808K, used 132016K [0x0000000080000000, 0x0000000100000000)
  region size 1024K, 2 young (2048K), 2 survivors (2048K)
 Metaspace       used 85161K, capacity 87131K, committed 87288K, reserved 1126400K
  class space    used 10485K, capacity 11181K, committed 11256K, reserved 1048576K
GC Heap History (20 events):
Event: 44.032 GC heap after
{Heap after GC invocations=34 (full 0):
 garbage-first heap   total 187392K, used 130817K [0x0000000080000000, 0x0000000100000000)
  region size 1024K, 4 young (4096K), 4 survivors (4096K)
 Metaspace       used 82858K, capacity 84774K, committed 85112K, reserved 1124352K
  class space    used 10322K, capacity 11002K, committed 11128K, reserved 1048576K
}
Event: 44.051 GC heap before
{Heap before GC invocations=34 (full 0):
 garbage-first heap   total 187392K, used 135937K [0x0000000080000000, 0x0000000100000000)
  region size 1024K, 9 young (9216K), 4 survivors (4096K)
 Metaspace       used 82874K, capacity 84777K, committed 85112K, reserved 1124352K
  class space    used 10322K, capacity 11002K, committed 11128K, reserved 1048576K
}
Event: 44.061 GC heap after
{Heap after GC invocations=35 (full 0):
 garbage-first heap   total 187392K, used 134399K [0x0000000080000000, 0x0000000100000000)
  region size 1024K, 2 young (2048K), 2 survivors (2048K)
 Metaspace       used 82874K, capacity 84777K, committed 85112K, reserved 1124352K
  class space    used 10322K, capacity 11002K, committed 11128K, reserved 1048576K
}
Event: 44.104 GC heap before
{Heap before GC invocations=35 (full 0):
 garbage-first heap   total 187392K, used 149759K [0x0000000080000000, 0x0000000100000000)
  region size 1024K, 17 young (17408K), 2 survivors (2048K)
 Metaspace       used 82903K, capacity 84844K, committed 85112K, reserved 1124352K
  class space    used 10323K, capacity 11002K, committed 11128K, reserved 1048576K
}
Event: 44.120 GC heap after
{Heap after GC invocations=36 (full 0):
 garbage-first heap   total 187392K, used 144375K [0x0000000080000000, 0x0000000100000000)
  region size 1024K, 3 young (3072K), 3 survivors (3072K)
 Metaspace       used 82903K, capacity 84844K, committed 85112K, reserved 1124352K
  class space    used 10323K, capacity 11002K, committed 11128K, reserved 1048576K
}
Event: 44.158 GC heap before
{Heap before GC invocations=36 (full 0):
 garbage-first heap   total 187392K, used 153591K [0x0000000080000000, 0x0000000100000000)
  region size 1024K, 12 young (12288K), 3 survivors (3072K)
 Metaspace       used 82919K, capacity 84847K, committed 85112K, reserved 1124352K
  class space    used 10323K, capacity 11002K, committed 11128K, reserved 1048576K
}
Event: 44.167 GC heap after
{Heap after GC invocations=37 (full 0):
 garbage-first heap   total 187392K, used 149479K [0x0000000080000000, 0x0000000100000000)
  region size 1024K, 2 young (2048K), 2 survivors (2048K)
 Metaspace       used 82919K, capacity 84847K, committed 85112K, reserved 1124352K
  class space    used 10323K, capacity 11002K, committed 11128K, reserved 1048576K
}
Event: 44.190 GC heap before
{Heap before GC invocations=37 (full 0):
 garbage-first heap   total 187392K, used 156647K [0x0000000080000000, 0x0000000100000000)
  region size 1024K, 9 young (9216K), 2 survivors (2048K)
 Metaspace       used 82920K, capacity 84847K, committed 85112K, reserved 1124352K
  class space    used 10323K, capacity 11002K, committed 11128K, reserved 1048576K
}
Event: 44.199 GC heap after
{Heap after GC invocations=38 (full 0):
 garbage-first heap   total 187392K, used 155217K [0x0000000080000000, 0x0000000100000000)
  region size 1024K, 2 young (2048K), 2 survivors (2048K)
 Metaspace       used 82920K, capacity 84847K, committed 85112K, reserved 1124352K
  class space    used 10323K, capacity 11002K, committed 11128K, reserved 1048576K
}
Event: 44.220 GC heap before
{Heap before GC invocations=38 (full 0):
 garbage-first heap   total 187392K, used 162385K [0x0000000080000000, 0x0000000100000000)
  region size 1024K, 9 young (9216K), 2 survivors (2048K)
 Metaspace       used 82923K, capacity 84911K, committed 85112K, reserved 1124352K
  class space    used 10323K, capacity 11002K, committed 11128K, reserved 1048576K
}
Event: 44.229 GC heap after
{Heap after GC invocations=39 (full 0):
 garbage-first heap   total 187392K, used 161038K [0x0000000080000000, 0x0000000100000000)
  region size 1024K, 2 young (2048K), 2 survivors (2048K)
 Metaspace       used 82923K, capacity 84911K, committed 85112K, reserved 1124352K
  class space    used 10323K, capacity 11002K, committed 11128K, reserved 1048576K
}
Event: 44.373 GC heap before
{Heap before GC invocations=40 (full 0):
 garbage-first heap   total 187392K, used 165134K [0x0000000080000000, 0x0000000100000000)
  region size 1024K, 9 young (9216K), 2 survivors (2048K)
 Metaspace       used 83766K, capacity 85752K, committed 86008K, reserved 1124352K
  class space    used 10439K, capacity 11133K, committed 11256K, reserved 1048576K
}
Event: 44.383 GC heap after
{Heap after GC invocations=41 (full 0):
 garbage-first heap   total 237568K, used 160421K [0x0000000080000000, 0x0000000100000000)
  region size 1024K, 1 young (1024K), 1 survivors (1024K)
 Metaspace       used 83766K, capacity 85752K, committed 86008K, reserved 1124352K
  class space    used 10439K, capacity 11133K, committed 11256K, reserved 1048576K
}
Event: 44.611 GC heap before
{Heap before GC invocations=41 (full 0):
 garbage-first heap   total 237568K, used 170661K [0x0000000080000000, 0x0000000100000000)
  region size 1024K, 11 young (11264K), 1 survivors (1024K)
 Metaspace       used 84260K, capacity 86224K, committed 86520K, reserved 1124352K
  class space    used 10454K, capacity 11138K, committed 11256K, reserved 1048576K
}
Event: 44.628 GC heap after
{Heap after GC invocations=42 (full 0):
 garbage-first heap   total 237568K, used 140464K [0x0000000080000000, 0x0000000100000000)
  region size 1024K, 2 young (2048K), 2 survivors (2048K)
 Metaspace       used 84260K, capacity 86224K, committed 86520K, reserved 1124352K
  class space    used 10454K, capacity 11138K, committed 11256K, reserved 1048576K
}
Event: 45.134 GC heap before
{Heap before GC invocations=42 (full 0):
 garbage-first heap   total 237568K, used 167088K [0x0000000080000000, 0x0000000100000000)
  region size 1024K, 28 young (28672K), 2 survivors (2048K)
 Metaspace       used 84770K, capacity 86739K, committed 87032K, reserved 1124352K
  class space    used 10462K, capacity 11179K, committed 11256K, reserved 1048576K
}
Event: 45.143 GC heap after
{Heap after GC invocations=43 (full 0):
 garbage-first heap   total 237568K, used 142321K [0x0000000080000000, 0x0000000100000000)
  region size 1024K, 4 young (4096K), 4 survivors (4096K)
 Metaspace       used 84770K, capacity 86739K, committed 87032K, reserved 1124352K
  class space    used 10462K, capacity 11179K, committed 11256K, reserved 1048576K
}
Event: 46.101 GC heap before
{Heap before GC invocations=44 (full 0):
 garbage-first heap   total 237568K, used 167921K [0x0000000080000000, 0x0000000100000000)
  region size 1024K, 32 young (32768K), 4 survivors (4096K)
 Metaspace       used 85154K, capacity 87131K, committed 87288K, reserved 1126400K
  class space    used 10485K, capacity 11181K, committed 11256K, reserved 1048576K
}
Event: 46.114 GC heap after
{Heap after GC invocations=45 (full 0):
 garbage-first heap   total 237568K, used 140976K [0x0000000080000000, 0x0000000100000000)
  region size 1024K, 4 young (4096K), 4 survivors (4096K)
 Metaspace       used 85154K, capacity 87131K, committed 87288K, reserved 1126400K
  class space    used 10485K, capacity 11181K, committed 11256K, reserved 1048576K
}
Event: 46.141 GC heap before
{Heap before GC invocations=45 (full 0):
 garbage-first heap   total 237568K, used 148144K [0x0000000080000000, 0x0000000100000000)
  region size 1024K, 11 young (11264K), 4 survivors (4096K)
 Metaspace       used 85161K, capacity 87131K, committed 87288K, reserved 1126400K
  class space    used 10485K, capacity 11181K, committed 11256K, reserved 1048576K
}

