# JRE version: OpenJDK Runtime Environment (11.0.8+10) (build 11.0.8+10-b944.6842174)
# Java VM: OpenJDK 64-Bit Server VM (11.0.8+10-b944.6842174, mixed mode, tiered, compressed oops, g1 gc, windows-amd64)
Heap:
 garbage-first heap   total 129024K, used 84050K [0x0000000080000000, 0x0000000100000000)
  region size 1024K, 42 young (43008K), 4 survivors (4096K)
 Metaspace       used 53598K, capacity 54721K, committed 54784K, reserved 1097728K
  class space    used 6803K, capacity 7143K, committed 7168K, reserved 1048576K
GC Heap History (16 events):
Event: 0.981 GC heap before
{Heap before GC invocations=0 (full 0):
 garbage-first heap   total 129024K, used 28672K [0x0000000080000000, 0x0000000100000000)
  region size 1024K, 24 young (24576K), 0 survivors (0K)
 Metaspace       used 10321K, capacity 10564K, committed 10752K, reserved 1058816K
  class space    used 1085K, capacity 1157K, committed 1280K, reserved 1048576K
}
Event: 0.986 GC heap after
{Heap after GC invocations=1 (full 0):
 garbage-first heap   total 129024K, used 7543K [0x0000000080000000, 0x0000000100000000)
  region size 1024K, 3 young (3072K), 3 survivors (3072K)
 Metaspace       used 10321K, capacity 10564K, committed 10752K, reserved 1058816K
  class space    used 1085K, capacity 1157K, committed 1280K, reserved 1048576K
}
Event: 2.541 GC heap before
{Heap before GC invocations=1 (full 0):
 garbage-first heap   total 129024K, used 81271K [0x0000000080000000, 0x0000000100000000)
  region size 1024K, 75 young (76800K), 3 survivors (3072K)
 Metaspace       used 20704K, capacity 21147K, committed 21248K, reserved 1067008K
  class space    used 2609K, capacity 2752K, committed 2816K, reserved 1048576K
}
Event: 2.549 GC heap after
{Heap after GC invocations=2 (full 0):
 garbage-first heap   total 129024K, used 14981K [0x0000000080000000, 0x0000000100000000)
  region size 1024K, 10 young (10240K), 10 survivors (10240K)
 Metaspace       used 20704K, capacity 21147K, committed 21248K, reserved 1067008K
  class space    used 2609K, capacity 2752K, committed 2816K, reserved 1048576K
}
Event: 2.557 GC heap before
{Heap before GC invocations=2 (full 0):
 garbage-first heap   total 129024K, used 14981K [0x0000000080000000, 0x0000000100000000)
  region size 1024K, 11 young (11264K), 10 survivors (10240K)
 Metaspace       used 20783K, capacity 21179K, committed 21248K, reserved 1067008K
  class space    used 2625K, capacity 2784K, committed 2816K, reserved 1048576K
}
Event: 2.564 GC heap after
{Heap after GC invocations=3 (full 0):
 garbage-first heap   total 129024K, used 15789K [0x0000000080000000, 0x0000000100000000)
  region size 1024K, 1 young (1024K), 1 survivors (1024K)
 Metaspace       used 20783K, capacity 21179K, committed 21248K, reserved 1067008K
  class space    used 2625K, capacity 2784K, committed 2816K, reserved 1048576K
}
Event: 3.323 GC heap before
{Heap before GC invocations=4 (full 0):
 garbage-first heap   total 129024K, used 65965K [0x0000000080000000, 0x0000000100000000)
  region size 1024K, 42 young (43008K), 1 survivors (1024K)
 Metaspace       used 27686K, capacity 28337K, committed 28416K, reserved 1073152K
  class space    used 3523K, capacity 3774K, committed 3840K, reserved 1048576K
}
Event: 3.326 GC heap after
{Heap after GC invocations=5 (full 0):
 garbage-first heap   total 129024K, used 28588K [0x0000000080000000, 0x0000000100000000)
  region size 1024K, 5 young (5120K), 5 survivors (5120K)
 Metaspace       used 27686K, capacity 28337K, committed 28416K, reserved 1073152K
  class space    used 3523K, capacity 3774K, committed 3840K, reserved 1048576K
}
Event: 4.038 GC heap before
{Heap before GC invocations=5 (full 0):
 garbage-first heap   total 129024K, used 71596K [0x0000000080000000, 0x0000000100000000)
  region size 1024K, 46 young (47104K), 5 survivors (5120K)
 Metaspace       used 35040K, capacity 35621K, committed 35840K, reserved 1081344K
  class space    used 4373K, capacity 4599K, committed 4608K, reserved 1048576K
}
Event: 4.046 GC heap after
{Heap after GC invocations=6 (full 0):
 garbage-first heap   total 129024K, used 31249K [0x0000000080000000, 0x0000000100000000)
  region size 1024K, 3 young (3072K), 3 survivors (3072K)
 Metaspace       used 35040K, capacity 35621K, committed 35840K, reserved 1081344K
  class space    used 4373K, capacity 4599K, committed 4608K, reserved 1048576K
}
Event: 4.490 GC heap before
{Heap before GC invocations=7 (full 0):
 garbage-first heap   total 129024K, used 77329K [0x0000000080000000, 0x0000000100000000)
  region size 1024K, 48 young (49152K), 3 survivors (3072K)
 Metaspace       used 38709K, capacity 39337K, committed 39552K, reserved 1083392K
  class space    used 4986K, capacity 5198K, committed 5248K, reserved 1048576K
}
Event: 4.495 GC heap after
{Heap after GC invocations=8 (full 0):
 garbage-first heap   total 129024K, used 33219K [0x0000000080000000, 0x0000000100000000)
  region size 1024K, 5 young (5120K), 5 survivors (5120K)
 Metaspace       used 38709K, capacity 39337K, committed 39552K, reserved 1083392K
  class space    used 4986K, capacity 5198K, committed 5248K, reserved 1048576K
}
Event: 7.527 GC heap before
{Heap before GC invocations=8 (full 0):
 garbage-first heap   total 129024K, used 83395K [0x0000000080000000, 0x0000000100000000)
  region size 1024K, 52 young (53248K), 5 survivors (5120K)
 Metaspace       used 41978K, capacity 42923K, committed 43136K, reserved 1087488K
  class space    used 5388K, capacity 5666K, committed 5760K, reserved 1048576K
}
Event: 7.534 GC heap after
{Heap after GC invocations=9 (full 0):
 garbage-first heap   total 129024K, used 42458K [0x0000000080000000, 0x0000000100000000)
  region size 1024K, 7 young (7168K), 7 survivors (7168K)
 Metaspace       used 41978K, capacity 42923K, committed 43136K, reserved 1087488K
  class space    used 5388K, capacity 5666K, committed 5760K, reserved 1048576K
}
Event: 8.181 GC heap before
{Heap before GC invocations=9 (full 0):
 garbage-first heap   total 129024K, used 87514K [0x0000000080000000, 0x0000000100000000)
  region size 1024K, 51 young (52224K), 7 survivors (7168K)
 Metaspace       used 50532K, capacity 51589K, committed 51712K, reserved 1093632K
  class space    used 6424K, capacity 6791K, committed 6912K, reserved 1048576K
}
Event: 8.189 GC heap after
{Heap after GC invocations=10 (full 0):
 garbage-first heap   total 129024K, used 46162K [0x0000000080000000, 0x0000000100000000)
  region size 1024K, 4 young (4096K), 4 survivors (4096K)
 Metaspace       used 50532K, capacity 51589K, committed 51712K, reserved 1093632K
  class space    used 6424K, capacity 6791K, committed 6912K, reserved 1048576K
}

