# JRE version: OpenJDK Runtime Environment (11.0.8+10) (build 11.0.8+10-b944.6842174)
# Java VM: OpenJDK 64-Bit Server VM (11.0.8+10-b944.6842174, mixed mode, tiered, compressed oops, g1 gc, windows-amd64)
Heap:
 garbage-first heap   total 569344K, used 441628K [0x0000000080000000, 0x0000000100000000)
  region size 1024K, 315 young (322560K), 3 survivors (3072K)
 Metaspace       used 118882K, capacity 122610K, committed 123000K, reserved 1157120K
  class space    used 14004K, capacity 15296K, committed 15480K, reserved 1048576K
GC Heap History (20 events):
Event: 11328.089 GC heap before
{Heap before GC invocations=350 (full 0):
 garbage-first heap   total 569344K, used 153077K [0x0000000080000000, 0x0000000100000000)
  region size 1024K, 40 young (40960K), 3 survivors (3072K)
 Metaspace       used 117971K, capacity 121639K, committed 122744K, reserved 1157120K
  class space    used 13948K, capacity 15197K, committed 15480K, reserved 1048576K
}
Event: 11328.106 GC heap after
{Heap after GC invocations=351 (full 0):
 garbage-first heap   total 569344K, used 116167K [0x0000000080000000, 0x0000000100000000)
  region size 1024K, 3 young (3072K), 3 survivors (3072K)
 Metaspace       used 117971K, capacity 121639K, committed 122744K, reserved 1157120K
  class space    used 13948K, capacity 15197K, committed 15480K, reserved 1048576K
}
Event: 11489.755 GC heap before
{Heap before GC invocations=352 (full 0):
 garbage-first heap   total 569344K, used 436679K [0x0000000080000000, 0x0000000100000000)
  region size 1024K, 295 young (302080K), 3 survivors (3072K)
 Metaspace       used 118285K, capacity 121943K, committed 122744K, reserved 1157120K
  class space    used 13970K, capacity 15236K, committed 15480K, reserved 1048576K
}
Event: 11489.817 GC heap after
{Heap after GC invocations=353 (full 0):
 garbage-first heap   total 569344K, used 124229K [0x0000000080000000, 0x0000000100000000)
  region size 1024K, 12 young (12288K), 12 survivors (12288K)
 Metaspace       used 118285K, capacity 121943K, committed 122744K, reserved 1157120K
  class space    used 13970K, capacity 15236K, committed 15480K, reserved 1048576K
}
Event: 11490.201 GC heap before
{Heap before GC invocations=353 (full 0):
 garbage-first heap   total 569344K, used 138565K [0x0000000080000000, 0x0000000100000000)
  region size 1024K, 27 young (27648K), 12 survivors (12288K)
 Metaspace       used 118297K, capacity 121943K, committed 122744K, reserved 1157120K
  class space    used 13970K, capacity 15236K, committed 15480K, reserved 1048576K
}
Event: 11490.221 GC heap after
{Heap after GC invocations=354 (full 0):
 garbage-first heap   total 569344K, used 113880K [0x0000000080000000, 0x0000000100000000)
  region size 1024K, 2 young (2048K), 2 survivors (2048K)
 Metaspace       used 118297K, capacity 121943K, committed 122744K, reserved 1157120K
  class space    used 13970K, capacity 15236K, committed 15480K, reserved 1048576K
}
Event: 11490.811 GC heap before
{Heap before GC invocations=354 (full 0):
 garbage-first heap   total 569344K, used 126168K [0x0000000080000000, 0x0000000100000000)
  region size 1024K, 15 young (15360K), 2 survivors (2048K)
 Metaspace       used 118302K, capacity 121949K, committed 122744K, reserved 1157120K
  class space    used 13971K, capacity 15238K, committed 15480K, reserved 1048576K
}
Event: 11490.829 GC heap after
{Heap after GC invocations=355 (full 0):
 garbage-first heap   total 569344K, used 114951K [0x0000000080000000, 0x0000000100000000)
  region size 1024K, 3 young (3072K), 3 survivors (3072K)
 Metaspace       used 118302K, capacity 121949K, committed 122744K, reserved 1157120K
  class space    used 13971K, capacity 15238K, committed 15480K, reserved 1048576K
}
Event: 11544.865 GC heap before
{Heap before GC invocations=356 (full 0):
 garbage-first heap   total 569344K, used 477447K [0x0000000080000000, 0x0000000100000000)
  region size 1024K, 329 young (336896K), 3 survivors (3072K)
 Metaspace       used 118616K, capacity 122377K, committed 123000K, reserved 1157120K
  class space    used 13993K, capacity 15276K, committed 15480K, reserved 1048576K
}
Event: 11544.952 GC heap after
{Heap after GC invocations=357 (full 0):
 garbage-first heap   total 569344K, used 134489K [0x0000000080000000, 0x0000000100000000)
  region size 1024K, 18 young (18432K), 18 survivors (18432K)
 Metaspace       used 118616K, capacity 122377K, committed 123000K, reserved 1157120K
  class space    used 13993K, capacity 15276K, committed 15480K, reserved 1048576K
}
Event: 11545.089 GC heap before
{Heap before GC invocations=357 (full 0):
 garbage-first heap   total 569344K, used 143705K [0x0000000080000000, 0x0000000100000000)
  region size 1024K, 27 young (27648K), 18 survivors (18432K)
 Metaspace       used 118621K, capacity 122377K, committed 123000K, reserved 1157120K
  class space    used 13993K, capacity 15276K, committed 15480K, reserved 1048576K
}
Event: 11545.121 GC heap after
{Heap after GC invocations=358 (full 0):
 garbage-first heap   total 569344K, used 117384K [0x0000000080000000, 0x0000000100000000)
  region size 1024K, 2 young (2048K), 2 survivors (2048K)
 Metaspace       used 118621K, capacity 122377K, committed 123000K, reserved 1157120K
  class space    used 13993K, capacity 15276K, committed 15480K, reserved 1048576K
}
Event: 11545.769 GC heap before
{Heap before GC invocations=358 (full 0):
 garbage-first heap   total 569344K, used 193160K [0x0000000080000000, 0x0000000100000000)
  region size 1024K, 78 young (79872K), 2 survivors (2048K)
 Metaspace       used 118627K, capacity 122377K, committed 123000K, reserved 1157120K
  class space    used 13993K, capacity 15276K, committed 15480K, reserved 1048576K
}
Event: 11545.812 GC heap after
{Heap after GC invocations=359 (full 0):
 garbage-first heap   total 569344K, used 125821K [0x0000000080000000, 0x0000000100000000)
  region size 1024K, 11 young (11264K), 11 survivors (11264K)
 Metaspace       used 118627K, capacity 122377K, committed 123000K, reserved 1157120K
  class space    used 13993K, capacity 15276K, committed 15480K, reserved 1048576K
}
Event: 11629.579 GC heap before
{Heap before GC invocations=360 (full 0):
 garbage-first heap   total 569344K, used 440189K [0x0000000080000000, 0x0000000100000000)
  region size 1024K, 308 young (315392K), 11 survivors (11264K)
 Metaspace       used 118536K, capacity 122242K, committed 123000K, reserved 1157120K
  class space    used 13981K, capacity 15256K, committed 15480K, reserved 1048576K
}
Event: 11629.633 GC heap after
{Heap after GC invocations=361 (full 0):
 garbage-first heap   total 569344K, used 123986K [0x0000000080000000, 0x0000000100000000)
  region size 1024K, 8 young (8192K), 8 survivors (8192K)
 Metaspace       used 118536K, capacity 122242K, committed 123000K, reserved 1157120K
  class space    used 13981K, capacity 15256K, committed 15480K, reserved 1048576K
}
Event: 11629.741 GC heap before
{Heap before GC invocations=361 (full 0):
 garbage-first heap   total 569344K, used 142418K [0x0000000080000000, 0x0000000100000000)
  region size 1024K, 27 young (27648K), 8 survivors (8192K)
 Metaspace       used 118536K, capacity 122242K, committed 123000K, reserved 1157120K
  class space    used 13981K, capacity 15256K, committed 15480K, reserved 1048576K
}
Event: 11629.777 GC heap after
{Heap after GC invocations=362 (full 0):
 garbage-first heap   total 569344K, used 116165K [0x0000000080000000, 0x0000000100000000)
  region size 1024K, 2 young (2048K), 2 survivors (2048K)
 Metaspace       used 118536K, capacity 122242K, committed 123000K, reserved 1157120K
  class space    used 13981K, capacity 15256K, committed 15480K, reserved 1048576K
}
Event: 11630.137 GC heap before
{Heap before GC invocations=362 (full 0):
 garbage-first heap   total 569344K, used 138693K [0x0000000080000000, 0x0000000100000000)
  region size 1024K, 26 young (26624K), 2 survivors (2048K)
 Metaspace       used 118542K, capacity 122248K, committed 123000K, reserved 1157120K
  class space    used 13982K, capacity 15258K, committed 15480K, reserved 1048576K
}
Event: 11630.168 GC heap after
{Heap after GC invocations=363 (full 0):
 garbage-first heap   total 569344K, used 117020K [0x0000000080000000, 0x0000000100000000)
  region size 1024K, 3 young (3072K), 3 survivors (3072K)
 Metaspace       used 118542K, capacity 122248K, committed 123000K, reserved 1157120K
  class space    used 13982K, capacity 15258K, committed 15480K, reserved 1048576K
}

