# JRE version: OpenJDK Runtime Environment (11.0.8+10) (build 11.0.8+10-b944.6842174)
# Java VM: OpenJDK 64-Bit Server VM (11.0.8+10-b944.6842174, mixed mode, tiered, compressed oops, g1 gc, windows-amd64)
Heap:
 garbage-first heap   total 270336K, used 142041K [0x0000000080000000, 0x0000000100000000)
  region size 1024K, 43 young (44032K), 4 survivors (4096K)
 Metaspace       used 108945K, capacity 112611K, committed 112760K, reserved 1146880K
  class space    used 13127K, capacity 14373K, committed 14456K, reserved 1048576K
GC Heap History (20 events):
Event: 5669.541 GC heap before
{Heap before GC invocations=181 (full 0):
 garbage-first heap   total 270336K, used 110428K [0x0000000080000000, 0x0000000100000000)
  region size 1024K, 6 young (6144K), 2 survivors (2048K)
 Metaspace       used 108378K, capacity 111941K, committed 112248K, reserved 1146880K
  class space    used 13093K, capacity 14310K, committed 14456K, reserved 1048576K
}
Event: 5669.546 GC heap after
{Heap after GC invocations=182 (full 0):
 garbage-first heap   total 270336K, used 107305K [0x0000000080000000, 0x0000000100000000)
  region size 1024K, 2 young (2048K), 2 survivors (2048K)
 Metaspace       used 108378K, capacity 111941K, committed 112248K, reserved 1146880K
  class space    used 13093K, capacity 14310K, committed 14456K, reserved 1048576K
}
Event: 5761.794 GC heap before
{Heap before GC invocations=183 (full 0):
 garbage-first heap   total 270336K, used 170793K [0x0000000080000000, 0x0000000100000000)
  region size 1024K, 61 young (62464K), 2 survivors (2048K)
 Metaspace       used 108448K, capacity 112005K, committed 112248K, reserved 1146880K
  class space    used 13093K, capacity 14310K, committed 14456K, reserved 1048576K
}
Event: 5761.840 GC heap after
{Heap after GC invocations=184 (full 0):
 garbage-first heap   total 270336K, used 108617K [0x0000000080000000, 0x0000000100000000)
  region size 1024K, 5 young (5120K), 5 survivors (5120K)
 Metaspace       used 108448K, capacity 112005K, committed 112248K, reserved 1146880K
  class space    used 13093K, capacity 14310K, committed 14456K, reserved 1048576K
}
Event: 5761.936 GC heap before
{Heap before GC invocations=184 (full 0):
 garbage-first heap   total 270336K, used 116809K [0x0000000080000000, 0x0000000100000000)
  region size 1024K, 13 young (13312K), 5 survivors (5120K)
 Metaspace       used 108449K, capacity 112005K, committed 112248K, reserved 1146880K
  class space    used 13093K, capacity 14310K, committed 14456K, reserved 1048576K
}
Event: 5761.954 GC heap after
{Heap after GC invocations=185 (full 0):
 garbage-first heap   total 270336K, used 109145K [0x0000000080000000, 0x0000000100000000)
  region size 1024K, 2 young (2048K), 2 survivors (2048K)
 Metaspace       used 108449K, capacity 112005K, committed 112248K, reserved 1146880K
  class space    used 13093K, capacity 14310K, committed 14456K, reserved 1048576K
}
Event: 5763.188 GC heap before
{Heap before GC invocations=185 (full 0):
 garbage-first heap   total 270336K, used 171609K [0x0000000080000000, 0x0000000100000000)
  region size 1024K, 65 young (66560K), 2 survivors (2048K)
 Metaspace       used 108532K, capacity 112138K, committed 112504K, reserved 1146880K
  class space    used 13102K, capacity 14328K, committed 14456K, reserved 1048576K
}
Event: 5763.206 GC heap after
{Heap after GC invocations=186 (full 0):
 garbage-first heap   total 270336K, used 112221K [0x0000000080000000, 0x0000000100000000)
  region size 1024K, 5 young (5120K), 5 survivors (5120K)
 Metaspace       used 108532K, capacity 112138K, committed 112504K, reserved 1146880K
  class space    used 13102K, capacity 14328K, committed 14456K, reserved 1048576K
}
Event: 5764.063 GC heap before
{Heap before GC invocations=187 (full 0):
 garbage-first heap   total 270336K, used 182877K [0x0000000080000000, 0x0000000100000000)
  region size 1024K, 74 young (75776K), 5 survivors (5120K)
 Metaspace       used 108864K, capacity 112512K, committed 112760K, reserved 1146880K
  class space    used 13126K, capacity 14368K, committed 14456K, reserved 1048576K
}
Event: 5764.075 GC heap after
{Heap after GC invocations=188 (full 0):
 garbage-first heap   total 270336K, used 112872K [0x0000000080000000, 0x0000000100000000)
  region size 1024K, 6 young (6144K), 6 survivors (6144K)
 Metaspace       used 108864K, capacity 112512K, committed 112760K, reserved 1146880K
  class space    used 13126K, capacity 14368K, committed 14456K, reserved 1048576K
}
Event: 5764.088 GC heap before
{Heap before GC invocations=188 (full 0):
 garbage-first heap   total 270336K, used 119016K [0x0000000080000000, 0x0000000100000000)
  region size 1024K, 13 young (13312K), 6 survivors (6144K)
 Metaspace       used 108864K, capacity 112512K, committed 112760K, reserved 1146880K
  class space    used 13126K, capacity 14368K, committed 14456K, reserved 1048576K
}
Event: 5764.144 GC heap after
{Heap after GC invocations=189 (full 0):
 garbage-first heap   total 270336K, used 96843K [0x0000000080000000, 0x0000000100000000)
  region size 1024K, 1 young (1024K), 1 survivors (1024K)
 Metaspace       used 108864K, capacity 112512K, committed 112760K, reserved 1146880K
  class space    used 13126K, capacity 14368K, committed 14456K, reserved 1048576K
}
Event: 5764.228 GC heap before
{Heap before GC invocations=189 (full 0):
 garbage-first heap   total 270336K, used 116299K [0x0000000080000000, 0x0000000100000000)
  region size 1024K, 22 young (22528K), 1 survivors (1024K)
 Metaspace       used 108872K, capacity 112524K, committed 112760K, reserved 1146880K
  class space    used 13128K, capacity 14372K, committed 14456K, reserved 1048576K
}
Event: 5764.235 GC heap after
{Heap after GC invocations=190 (full 0):
 garbage-first heap   total 270336K, used 98746K [0x0000000080000000, 0x0000000100000000)
  region size 1024K, 3 young (3072K), 3 survivors (3072K)
 Metaspace       used 108872K, capacity 112524K, committed 112760K, reserved 1146880K
  class space    used 13128K, capacity 14372K, committed 14456K, reserved 1048576K
}
Event: 5765.311 GC heap before
{Heap before GC invocations=191 (full 0):
 garbage-first heap   total 270336K, used 186810K [0x0000000080000000, 0x0000000100000000)
  region size 1024K, 87 young (89088K), 3 survivors (3072K)
 Metaspace       used 108797K, capacity 112479K, committed 112760K, reserved 1146880K
  class space    used 13114K, capacity 14348K, committed 14456K, reserved 1048576K
}
Event: 5765.321 GC heap after
{Heap after GC invocations=192 (full 0):
 garbage-first heap   total 270336K, used 100899K [0x0000000080000000, 0x0000000100000000)
  region size 1024K, 5 young (5120K), 5 survivors (5120K)
 Metaspace       used 108797K, capacity 112479K, committed 112760K, reserved 1146880K
  class space    used 13114K, capacity 14348K, committed 14456K, reserved 1048576K
}
Event: 5765.359 GC heap before
{Heap before GC invocations=192 (full 0):
 garbage-first heap   total 270336K, used 111139K [0x0000000080000000, 0x0000000100000000)
  region size 1024K, 13 young (13312K), 5 survivors (5120K)
 Metaspace       used 108798K, capacity 112479K, committed 112760K, reserved 1146880K
  class space    used 13114K, capacity 14348K, committed 14456K, reserved 1048576K
}
Event: 5765.369 GC heap after
{Heap after GC invocations=193 (full 0):
 garbage-first heap   total 270336K, used 99545K [0x0000000080000000, 0x0000000100000000)
  region size 1024K, 2 young (2048K), 2 survivors (2048K)
 Metaspace       used 108798K, capacity 112479K, committed 112760K, reserved 1146880K
  class space    used 13114K, capacity 14348K, committed 14456K, reserved 1048576K
}
Event: 5765.417 GC heap before
{Heap before GC invocations=193 (full 0):
 garbage-first heap   total 270336K, used 105689K [0x0000000080000000, 0x0000000100000000)
  region size 1024K, 10 young (10240K), 2 survivors (2048K)
 Metaspace       used 108802K, capacity 112479K, committed 112760K, reserved 1146880K
  class space    used 13114K, capacity 14348K, committed 14456K, reserved 1048576K
}
Event: 5765.420 GC heap after
{Heap after GC invocations=194 (full 0):
 garbage-first heap   total 270336K, used 101081K [0x0000000080000000, 0x0000000100000000)
  region size 1024K, 4 young (4096K), 4 survivors (4096K)
 Metaspace       used 108802K, capacity 112479K, committed 112760K, reserved 1146880K
  class space    used 13114K, capacity 14348K, committed 14456K, reserved 1048576K
}

