# JRE version: OpenJDK Runtime Environment (11.0.8+10) (build 11.0.8+10-b944.6842174)
# Java VM: OpenJDK 64-Bit Server VM (11.0.8+10-b944.6842174, mixed mode, tiered, compressed oops, g1 gc, windows-amd64)
Heap:
 garbage-first heap   total 329728K, used 101659K [0x0000000080000000, 0x0000000100000000)
  region size 1024K, 2 young (2048K), 2 survivors (2048K)
 Metaspace       used 95279K, capacity 98078K, committed 98304K, reserved 1134592K
  class space    used 12189K, capacity 13237K, committed 13312K, reserved 1048576K
GC Heap History (20 events):
Event: 35.252 GC heap after
{Heap after GC invocations=40 (full 0):
 garbage-first heap   total 155648K, used 128967K [0x0000000080000000, 0x0000000100000000)
  region size 1024K, 1 young (1024K), 1 survivors (1024K)
 Metaspace       used 85152K, capacity 87483K, committed 87680K, reserved 1124352K
  class space    used 10883K, capacity 11783K, committed 11904K, reserved 1048576K
}
Event: 35.506 GC heap before
{Heap before GC invocations=41 (full 0):
 garbage-first heap   total 155648K, used 135111K [0x0000000080000000, 0x0000000100000000)
  region size 1024K, 7 young (7168K), 1 survivors (1024K)
 Metaspace       used 86034K, capacity 88393K, committed 88448K, reserved 1126400K
  class space    used 10983K, capacity 11873K, committed 11904K, reserved 1048576K
}
Event: 35.516 GC heap after
{Heap after GC invocations=42 (full 0):
 garbage-first heap   total 245760K, used 130207K [0x0000000080000000, 0x0000000100000000)
  region size 1024K, 1 young (1024K), 1 survivors (1024K)
 Metaspace       used 86034K, capacity 88393K, committed 88448K, reserved 1126400K
  class space    used 10983K, capacity 11873K, committed 11904K, reserved 1048576K
}
Event: 35.783 GC heap before
{Heap before GC invocations=42 (full 0):
 garbage-first heap   total 245760K, used 141471K [0x0000000080000000, 0x0000000100000000)
  region size 1024K, 12 young (12288K), 1 survivors (1024K)
 Metaspace       used 86386K, capacity 88762K, committed 89088K, reserved 1126400K
  class space    used 10987K, capacity 11909K, committed 12032K, reserved 1048576K
}
Event: 35.788 GC heap after
{Heap after GC invocations=43 (full 0):
 garbage-first heap   total 245760K, used 128575K [0x0000000080000000, 0x0000000100000000)
  region size 1024K, 2 young (2048K), 2 survivors (2048K)
 Metaspace       used 86386K, capacity 88762K, committed 89088K, reserved 1126400K
  class space    used 10987K, capacity 11909K, committed 12032K, reserved 1048576K
}
Event: 38.280 GC heap before
{Heap before GC invocations=43 (full 0):
 garbage-first heap   total 245760K, used 160319K [0x0000000080000000, 0x0000000100000000)
  region size 1024K, 33 young (33792K), 2 survivors (2048K)
 Metaspace       used 86958K, capacity 89431K, committed 89600K, reserved 1126400K
  class space    used 11003K, capacity 11917K, committed 12032K, reserved 1048576K
}
Event: 38.289 GC heap after
{Heap after GC invocations=44 (full 0):
 garbage-first heap   total 245760K, used 130711K [0x0000000080000000, 0x0000000100000000)
  region size 1024K, 4 young (4096K), 4 survivors (4096K)
 Metaspace       used 86958K, capacity 89431K, committed 89600K, reserved 1126400K
  class space    used 11003K, capacity 11917K, committed 12032K, reserved 1048576K
}
Event: 42.192 GC heap before
{Heap before GC invocations=45 (full 0):
 garbage-first heap   total 245760K, used 161431K [0x0000000080000000, 0x0000000100000000)
  region size 1024K, 37 young (37888K), 4 survivors (4096K)
 Metaspace       used 87100K, capacity 89551K, committed 89856K, reserved 1126400K
  class space    used 11011K, capacity 11925K, committed 12032K, reserved 1048576K
}
Event: 42.203 GC heap after
{Heap after GC invocations=46 (full 0):
 garbage-first heap   total 245760K, used 130053K [0x0000000080000000, 0x0000000100000000)
  region size 1024K, 4 young (4096K), 4 survivors (4096K)
 Metaspace       used 87100K, capacity 89551K, committed 89856K, reserved 1126400K
  class space    used 11011K, capacity 11925K, committed 12032K, reserved 1048576K
}
Event: 42.311 GC heap before
{Heap before GC invocations=46 (full 0):
 garbage-first heap   total 245760K, used 138245K [0x0000000080000000, 0x0000000100000000)
  region size 1024K, 12 young (12288K), 4 survivors (4096K)
 Metaspace       used 87748K, capacity 90229K, committed 90368K, reserved 1128448K
  class space    used 11108K, capacity 12022K, committed 12032K, reserved 1048576K
}
Event: 42.323 GC heap after
{Heap after GC invocations=47 (full 0):
 garbage-first heap   total 245760K, used 108340K [0x0000000080000000, 0x0000000100000000)
  region size 1024K, 1 young (1024K), 1 survivors (1024K)
 Metaspace       used 87748K, capacity 90229K, committed 90368K, reserved 1128448K
  class space    used 11108K, capacity 12022K, committed 12032K, reserved 1048576K
}
Event: 42.801 GC heap before
{Heap before GC invocations=47 (full 0):
 garbage-first heap   total 245760K, used 120628K [0x0000000080000000, 0x0000000100000000)
  region size 1024K, 12 young (12288K), 1 survivors (1024K)
 Metaspace       used 88575K, capacity 91089K, committed 91392K, reserved 1128448K
  class space    used 11238K, capacity 12173K, committed 12288K, reserved 1048576K
}
Event: 42.808 GC heap after
{Heap after GC invocations=48 (full 0):
 garbage-first heap   total 245760K, used 111058K [0x0000000080000000, 0x0000000100000000)
  region size 1024K, 2 young (2048K), 2 survivors (2048K)
 Metaspace       used 88575K, capacity 91089K, committed 91392K, reserved 1128448K
  class space    used 11238K, capacity 12173K, committed 12288K, reserved 1048576K
}
Event: 43.795 GC heap before
{Heap before GC invocations=48 (full 0):
 garbage-first heap   total 245760K, used 155090K [0x0000000080000000, 0x0000000100000000)
  region size 1024K, 46 young (47104K), 2 survivors (2048K)
 Metaspace       used 93535K, capacity 96283K, committed 96512K, reserved 1132544K
  class space    used 11972K, capacity 12991K, committed 13056K, reserved 1048576K
}
Event: 43.807 GC heap after
{Heap after GC invocations=49 (full 0):
 garbage-first heap   total 245760K, used 117548K [0x0000000080000000, 0x0000000100000000)
  region size 1024K, 6 young (6144K), 6 survivors (6144K)
 Metaspace       used 93535K, capacity 96283K, committed 96512K, reserved 1132544K
  class space    used 11972K, capacity 12991K, committed 13056K, reserved 1048576K
}
Event: 44.173 GC heap before
{Heap before GC invocations=49 (full 0):
 garbage-first heap   total 245760K, used 163628K [0x0000000080000000, 0x0000000100000000)
  region size 1024K, 51 young (52224K), 6 survivors (6144K)
 Metaspace       used 94854K, capacity 97597K, committed 97664K, reserved 1134592K
  class space    used 12126K, capacity 13146K, committed 13184K, reserved 1048576K
}
Event: 44.186 GC heap after
{Heap after GC invocations=50 (full 0):
 garbage-first heap   total 245760K, used 119270K [0x0000000080000000, 0x0000000100000000)
  region size 1024K, 3 young (3072K), 3 survivors (3072K)
 Metaspace       used 94854K, capacity 97597K, committed 97664K, reserved 1134592K
  class space    used 12126K, capacity 13146K, committed 13184K, reserved 1048576K
}
Event: 44.510 GC heap before
{Heap before GC invocations=51 (full 0):
 garbage-first heap   total 245760K, used 166374K [0x0000000080000000, 0x0000000100000000)
  region size 1024K, 51 young (52224K), 3 survivors (3072K)
 Metaspace       used 95275K, capacity 98072K, committed 98304K, reserved 1134592K
  class space    used 12187K, capacity 13235K, committed 13312K, reserved 1048576K
}
Event: 44.529 GC heap after
{Heap after GC invocations=52 (full 0):
 garbage-first heap   total 245760K, used 120022K [0x0000000080000000, 0x0000000100000000)
  region size 1024K, 5 young (5120K), 5 survivors (5120K)
 Metaspace       used 95275K, capacity 98072K, committed 98304K, reserved 1134592K
  class space    used 12187K, capacity 13235K, committed 13312K, reserved 1048576K
}
Event: 44.549 GC heap before
{Heap before GC invocations=52 (full 0):
 garbage-first heap   total 245760K, used 126166K [0x0000000080000000, 0x0000000100000000)
  region size 1024K, 12 young (12288K), 5 survivors (5120K)
 Metaspace       used 95279K, capacity 98078K, committed 98304K, reserved 1134592K
  class space    used 12189K, capacity 13237K, committed 13312K, reserved 1048576K
}

