# JRE version: OpenJDK Runtime Environment (11.0.8+10) (build 11.0.8+10-b944.6842174)
# Java VM: OpenJDK 64-Bit Server VM (11.0.8+10-b944.6842174, mixed mode, tiered, compressed oops, g1 gc, windows-amd64)
Heap:
 garbage-first heap   total 402432K, used 147716K [0x0000000080000000, 0x0000000100000000)
  region size 1024K, 5 young (5120K), 5 survivors (5120K)
 Metaspace       used 99391K, capacity 101967K, committed 102264K, reserved 1138688K
  class space    used 12169K, capacity 13046K, committed 13176K, reserved 1048576K
GC Heap History (20 events):
Event: 1446.041 GC heap after
{Heap after GC invocations=36 (full 0):
 garbage-first heap   total 187392K, used 140288K [0x0000000080000000, 0x0000000100000000)
  region size 1024K, 4 young (4096K), 4 survivors (4096K)
 Metaspace       used 96319K, capacity 98615K, committed 98808K, reserved 1134592K
  class space    used 11884K, capacity 12644K, committed 12792K, reserved 1048576K
}
Event: 1446.246 GC heap before
{Heap before GC invocations=36 (full 0):
 garbage-first heap   total 187392K, used 152576K [0x0000000080000000, 0x0000000100000000)
  region size 1024K, 16 young (16384K), 4 survivors (4096K)
 Metaspace       used 96999K, capacity 99294K, committed 99576K, reserved 1136640K
  class space    used 11945K, capacity 12721K, committed 12792K, reserved 1048576K
}
Event: 1446.259 GC heap after
{Heap after GC invocations=37 (full 0):
 garbage-first heap   total 187392K, used 143196K [0x0000000080000000, 0x0000000100000000)
  region size 1024K, 2 young (2048K), 2 survivors (2048K)
 Metaspace       used 96999K, capacity 99294K, committed 99576K, reserved 1136640K
  class space    used 11945K, capacity 12721K, committed 12792K, reserved 1048576K
}
Event: 1446.295 GC heap before
{Heap before GC invocations=38 (full 0):
 garbage-first heap   total 187392K, used 155484K [0x0000000080000000, 0x0000000100000000)
  region size 1024K, 14 young (14336K), 2 survivors (2048K)
 Metaspace       used 97028K, capacity 99302K, committed 99576K, reserved 1136640K
  class space    used 11945K, capacity 12721K, committed 12792K, reserved 1048576K
}
Event: 1446.310 GC heap after
{Heap after GC invocations=39 (full 0):
 garbage-first heap   total 187392K, used 152294K [0x0000000080000000, 0x0000000100000000)
  region size 1024K, 2 young (2048K), 2 survivors (2048K)
 Metaspace       used 97028K, capacity 99302K, committed 99576K, reserved 1136640K
  class space    used 11945K, capacity 12721K, committed 12792K, reserved 1048576K
}
Event: 1446.330 GC heap before
{Heap before GC invocations=39 (full 0):
 garbage-first heap   total 187392K, used 159462K [0x0000000080000000, 0x0000000100000000)
  region size 1024K, 9 young (9216K), 2 survivors (2048K)
 Metaspace       used 97028K, capacity 99302K, committed 99576K, reserved 1136640K
  class space    used 11945K, capacity 12721K, committed 12792K, reserved 1048576K
}
Event: 1446.346 GC heap after
{Heap after GC invocations=40 (full 0):
 garbage-first heap   total 187392K, used 157059K [0x0000000080000000, 0x0000000100000000)
  region size 1024K, 2 young (2048K), 2 survivors (2048K)
 Metaspace       used 97028K, capacity 99302K, committed 99576K, reserved 1136640K
  class space    used 11945K, capacity 12721K, committed 12792K, reserved 1048576K
}
Event: 1446.393 GC heap before
{Heap before GC invocations=40 (full 0):
 garbage-first heap   total 187392K, used 164227K [0x0000000080000000, 0x0000000100000000)
  region size 1024K, 9 young (9216K), 2 survivors (2048K)
 Metaspace       used 97065K, capacity 99305K, committed 99576K, reserved 1136640K
  class space    used 11946K, capacity 12721K, committed 12792K, reserved 1048576K
}
Event: 1446.401 GC heap after
{Heap after GC invocations=41 (full 0):
 garbage-first heap   total 187392K, used 159672K [0x0000000080000000, 0x0000000100000000)
  region size 1024K, 2 young (2048K), 2 survivors (2048K)
 Metaspace       used 97065K, capacity 99305K, committed 99576K, reserved 1136640K
  class space    used 11946K, capacity 12721K, committed 12792K, reserved 1048576K
}
Event: 1446.435 GC heap before
{Heap before GC invocations=41 (full 0):
 garbage-first heap   total 187392K, used 166840K [0x0000000080000000, 0x0000000100000000)
  region size 1024K, 9 young (9216K), 2 survivors (2048K)
 Metaspace       used 97071K, capacity 99371K, committed 99576K, reserved 1136640K
  class space    used 11946K, capacity 12721K, committed 12792K, reserved 1048576K
}
Event: 1446.443 GC heap after
{Heap after GC invocations=42 (full 0):
 garbage-first heap   total 187392K, used 164007K [0x0000000080000000, 0x0000000100000000)
  region size 1024K, 2 young (2048K), 2 survivors (2048K)
 Metaspace       used 97071K, capacity 99371K, committed 99576K, reserved 1136640K
  class space    used 11946K, capacity 12721K, committed 12792K, reserved 1048576K
}
Event: 1446.471 GC heap before
{Heap before GC invocations=42 (full 0):
 garbage-first heap   total 187392K, used 171175K [0x0000000080000000, 0x0000000100000000)
  region size 1024K, 9 young (9216K), 2 survivors (2048K)
 Metaspace       used 97072K, capacity 99371K, committed 99576K, reserved 1136640K
  class space    used 11946K, capacity 12721K, committed 12792K, reserved 1048576K
}
Event: 1446.484 GC heap after
{Heap after GC invocations=43 (full 0):
 garbage-first heap   total 251904K, used 169518K [0x0000000080000000, 0x0000000100000000)
  region size 1024K, 2 young (2048K), 2 survivors (2048K)
 Metaspace       used 97072K, capacity 99371K, committed 99576K, reserved 1136640K
  class space    used 11946K, capacity 12721K, committed 12792K, reserved 1048576K
}
Event: 1446.810 GC heap before
{Heap before GC invocations=44 (full 0):
 garbage-first heap   total 251904K, used 179758K [0x0000000080000000, 0x0000000100000000)
  region size 1024K, 22 young (22528K), 2 survivors (2048K)
 Metaspace       used 98358K, capacity 100649K, committed 100728K, reserved 1136640K
  class space    used 12081K, capacity 12889K, committed 12920K, reserved 1048576K
}
Event: 1446.820 GC heap after
{Heap after GC invocations=45 (full 0):
 garbage-first heap   total 251904K, used 166620K [0x0000000080000000, 0x0000000100000000)
  region size 1024K, 3 young (3072K), 3 survivors (3072K)
 Metaspace       used 98358K, capacity 100649K, committed 100728K, reserved 1136640K
  class space    used 12081K, capacity 12889K, committed 12920K, reserved 1048576K
}
Event: 1446.936 GC heap before
{Heap before GC invocations=45 (full 0):
 garbage-first heap   total 251904K, used 175836K [0x0000000080000000, 0x0000000100000000)
  region size 1024K, 12 young (12288K), 3 survivors (3072K)
 Metaspace       used 98534K, capacity 100859K, committed 100984K, reserved 1136640K
  class space    used 12085K, capacity 12893K, committed 12920K, reserved 1048576K
}
Event: 1446.947 GC heap after
{Heap after GC invocations=46 (full 0):
 garbage-first heap   total 251904K, used 148446K [0x0000000080000000, 0x0000000100000000)
  region size 1024K, 1 young (1024K), 1 survivors (1024K)
 Metaspace       used 98534K, capacity 100859K, committed 100984K, reserved 1136640K
  class space    used 12085K, capacity 12893K, committed 12920K, reserved 1048576K
}
Event: 1493.356 GC heap before
{Heap before GC invocations=46 (full 0):
 garbage-first heap   total 251904K, used 177118K [0x0000000080000000, 0x0000000100000000)
  region size 1024K, 30 young (30720K), 1 survivors (1024K)
 Metaspace       used 99086K, capacity 101528K, committed 101624K, reserved 1138688K
  class space    used 12141K, capacity 12983K, committed 13048K, reserved 1048576K
}
Event: 1493.448 GC heap after
{Heap after GC invocations=47 (full 0):
 garbage-first heap   total 251904K, used 150431K [0x0000000080000000, 0x0000000100000000)
  region size 1024K, 3 young (3072K), 3 survivors (3072K)
 Metaspace       used 99086K, capacity 101528K, committed 101624K, reserved 1138688K
  class space    used 12141K, capacity 12983K, committed 13048K, reserved 1048576K
}
Event: 1505.868 GC heap before
{Heap before GC invocations=48 (full 0):
 garbage-first heap   total 251904K, used 178079K [0x0000000080000000, 0x0000000100000000)
  region size 1024K, 35 young (35840K), 3 survivors (3072K)
 Metaspace       used 99391K, capacity 101967K, committed 102264K, reserved 1138688K
  class space    used 12169K, capacity 13046K, committed 13176K, reserved 1048576K
}

